# JRE version: OpenJDK Runtime Environment (7.0_65-b32) (build 1.7.0_65-b32)
# Java VM: OpenJDK Server VM (24.65-b04 mixed mode linux-x86 )
Heap
 PSYoungGen      total 37632K, used 6389K [0x9ddc0000, 0xa0940000, 0xb3340000)
  eden space 31232K, 0% used [0x9ddc0000,0x9ddc0000,0x9fc40000)
  from space 6400K, 99% used [0x9fc40000,0xa027d668,0xa0280000)
  to   space 5888K, 0% used [0xa0280000,0xa0280000,0xa0840000)
 ParOldGen       total 20736K, used 15095K [0x73340000, 0x74780000, 0x9ddc0000)
  object space 20736K, 72% used [0x73340000,0x741fde30,0x74780000)
 PSPermGen       total 16384K, used 3382K [0x6b340000, 0x6c340000, 0x73340000)
  object space 16384K, 20% used [0x6b340000,0x6b68dbb8,0x6c340000)
GC Heap History (10 events):
Event: 1,938 GC heap after
Heap after GC invocations=2 (full 0):
 PSYoungGen      total 9216K, used 1266K [0x9ddc0000, 0x9efc0000, 0xb3340000)
  eden space 7936K, 0% used [0x9ddc0000,0x9ddc0000,0x9e580000)
  from space 1280K, 98% used [0x9e6c0000,0x9e7fc9a8,0x9e800000)
  to   space 1280K, 0% used [0x9e580000,0x9e580000,0x9e6c0000)
 ParOldGen       total 20736K, used 2003K [0x73340000, 0x74780000, 0x9ddc0000)
  object space 20736K, 9% used [0x73340000,0x73534e80,0x74780000)
 PSPermGen       total 16384K, used 3247K [0x6b340000, 0x6c340000, 0x73340000)
  object space 16384K, 19% used [0x6b340000,0x6b66bde8,0x6c340000)
}
Event: 2,411 GC heap before
{Heap before GC invocations=3 (full 0):
 PSYoungGen      total 9216K, used 9202K [0x9ddc0000, 0x9efc0000, 0xb3340000)
  eden space 7936K, 100% used [0x9ddc0000,0x9e580000,0x9e580000)
  from space 1280K, 98% used [0x9e6c0000,0x9e7fc9a8,0x9e800000)
  to   space 1280K, 0% used [0x9e580000,0x9e580000,0x9e6c0000)
 ParOldGen       total 20736K, used 2003K [0x73340000, 0x74780000, 0x9ddc0000)
  object space 20736K, 9% used [0x73340000,0x73534e80,0x74780000)
 PSPermGen       total 16384K, used 3280K [0x6b340000, 0x6c340000, 0x73340000)
  object space 16384K, 20% used [0x6b340000,0x6b674130,0x6c340000)
Event: 2,436 GC heap after
Heap after GC invocations=3 (full 0):
 PSYoungGen      total 9216K, used 1266K [0x9ddc0000, 0x9efc0000, 0xb3340000)
  eden space 7936K, 0% used [0x9ddc0000,0x9ddc0000,0x9e580000)
  from space 1280K, 98% used [0x9e580000,0x9e6bc9a8,0x9e6c0000)
  to   space 1280K, 0% used [0x9ee80000,0x9ee80000,0x9efc0000)
 ParOldGen       total 20736K, used 3617K [0x73340000, 0x74780000, 0x9ddc0000)
  object space 20736K, 17% used [0x73340000,0x736c8738,0x74780000)
 PSPermGen       total 16384K, used 3280K [0x6b340000, 0x6c340000, 0x73340000)
  object space 16384K, 20% used [0x6b340000,0x6b674130,0x6c340000)
}
Event: 3,211 GC heap before
{Heap before GC invocations=4 (full 0):
 PSYoungGen      total 9216K, used 9202K [0x9ddc0000, 0x9efc0000, 0xb3340000)
  eden space 7936K, 100% used [0x9ddc0000,0x9e580000,0x9e580000)
  from space 1280K, 98% used [0x9e580000,0x9e6bc9a8,0x9e6c0000)
  to   space 1280K, 0% used [0x9ee80000,0x9ee80000,0x9efc0000)
 ParOldGen       total 20736K, used 3617K [0x73340000, 0x74780000, 0x9ddc0000)
  object space 20736K, 17% used [0x73340000,0x736c8738,0x74780000)
 PSPermGen       total 16384K, used 3318K [0x6b340000, 0x6c340000, 0x73340000)
  object space 16384K, 20% used [0x6b340000,0x6b67da50,0x6c340000)
Event: 3,230 GC heap after
Heap after GC invocations=4 (full 0):
 PSYoungGen      total 17152K, used 1274K [0x9ddc0000, 0x9efc0000, 0xb3340000)
  eden space 15872K, 0% used [0x9ddc0000,0x9ddc0000,0x9ed40000)
  from space 1280K, 99% used [0x9ee80000,0x9efbe9b8,0x9efc0000)
  to   space 1280K, 0% used [0x9ed40000,0x9ed40000,0x9ee80000)
 ParOldGen       total 20736K, used 6045K [0x73340000, 0x74780000, 0x9ddc0000)
  object space 20736K, 29% used [0x73340000,0x73927778,0x74780000)
 PSPermGen       total 16384K, used 3318K [0x6b340000, 0x6c340000, 0x73340000)
  object space 16384K, 20% used [0x6b340000,0x6b67da50,0x6c340000)
}
Event: 3,683 GC heap before
{Heap before GC invocations=5 (full 0):
 PSYoungGen      total 17152K, used 17146K [0x9ddc0000, 0x9efc0000, 0xb3340000)
  eden space 15872K, 100% used [0x9ddc0000,0x9ed40000,0x9ed40000)
  from space 1280K, 99% used [0x9ee80000,0x9efbe9b8,0x9efc0000)
  to   space 1280K, 0% used [0x9ed40000,0x9ed40000,0x9ee80000)
 ParOldGen       total 20736K, used 6045K [0x73340000, 0x74780000, 0x9ddc0000)
  object space 20736K, 29% used [0x73340000,0x73927778,0x74780000)
 PSPermGen       total 16384K, used 3327K [0x6b340000, 0x6c340000, 0x73340000)
  object space 16384K, 20% used [0x6b340000,0x6b67fc88,0x6c340000)
Event: 3,710 GC heap after
Heap after GC invocations=5 (full 0):
 PSYoungGen      total 17152K, used 1274K [0x9ddc0000, 0xa0840000, 0xb3340000)
  eden space 15872K, 0% used [0x9ddc0000,0x9ddc0000,0x9ed40000)
  from space 1280K, 99% used [0x9ed40000,0x9ee7e9b8,0x9ee80000)
  to   space 5888K, 0% used [0xa0280000,0xa0280000,0xa0840000)
 ParOldGen       total 20736K, used 10885K [0x73340000, 0x74780000, 0x9ddc0000)
  object space 20736K, 52% used [0x73340000,0x73de15e8,0x74780000)
 PSPermGen       total 16384K, used 3327K [0x6b340000, 0x6c340000, 0x73340000)
  object space 16384K, 20% used [0x6b340000,0x6b67fc88,0x6c340000)
}
Event: 4,420 GC heap before
{Heap before GC invocations=6 (full 0):
 PSYoungGen      total 17152K, used 17146K [0x9ddc0000, 0xa0840000, 0xb3340000)
  eden space 15872K, 100% used [0x9ddc0000,0x9ed40000,0x9ed40000)
  from space 1280K, 99% used [0x9ed40000,0x9ee7e9b8,0x9ee80000)
  to   space 5888K, 0% used [0xa0280000,0xa0280000,0xa0840000)
 ParOldGen       total 20736K, used 10885K [0x73340000, 0x74780000, 0x9ddc0000)
  object space 20736K, 52% used [0x73340000,0x73de15e8,0x74780000)
 PSPermGen       total 16384K, used 3372K [0x6b340000, 0x6c340000, 0x73340000)
  object space 16384K, 20% used [0x6b340000,0x6b68b250,0x6c340000)
Event: 4,445 GC heap after
Heap after GC invocations=6 (full 0):
 PSYoungGen      total 37120K, used 4725K [0x9ddc0000, 0xa0940000, 0xb3340000)
  eden space 31232K, 0% used [0x9ddc0000,0x9ddc0000,0x9fc40000)
  from space 5888K, 80% used [0xa0280000,0xa071d788,0xa0840000)
  to   space 6400K, 0% used [0x9fc40000,0x9fc40000,0xa0280000)
 ParOldGen       total 20736K, used 10885K [0x73340000, 0x74780000, 0x9ddc0000)
  object space 20736K, 52% used [0x73340000,0x73de15e8,0x74780000)
 PSPermGen       total 16384K, used 3372K [0x6b340000, 0x6c340000, 0x73340000)
  object space 16384K, 20% used [0x6b340000,0x6b68b250,0x6c340000)
}
Event: 5,303 GC heap before
{Heap before GC invocations=7 (full 0):
 PSYoungGen      total 37120K, used 35957K [0x9ddc0000, 0xa0940000, 0xb3340000)
  eden space 31232K, 100% used [0x9ddc0000,0x9fc40000,0x9fc40000)
  from space 5888K, 80% used [0xa0280000,0xa071d788,0xa0840000)
  to   space 6400K, 0% used [0x9fc40000,0x9fc40000,0xa0280000)
 ParOldGen       total 20736K, used 10885K [0x73340000, 0x74780000, 0x9ddc0000)
  object space 20736K, 52% used [0x73340000,0x73de15e8,0x74780000)
 PSPermGen       total 16384K, used 3382K [0x6b340000, 0x6c340000, 0x73340000)
  object space 16384K, 20% used [0x6b340000,0x6b68dbb8,0x6c340000)

