# JRE version: OpenJDK Runtime Environment (7.0_65-b32) (build 1.7.0_65-b32)
# Java VM: OpenJDK Server VM (24.65-b04 mixed mode linux-x86 )
Heap
 PSYoungGen      total 37632K, used 6386K [0x9dd40000, 0xa08c0000, 0xb32c0000)
  eden space 31232K, 0% used [0x9dd40000,0x9dd40000,0x9fbc0000)
  from space 6400K, 99% used [0x9fbc0000,0xa01fc840,0xa0200000)
  to   space 5888K, 0% used [0xa0200000,0xa0200000,0xa07c0000)
 ParOldGen       total 20736K, used 14980K [0x732c0000, 0x74700000, 0x9dd40000)
  object space 20736K, 72% used [0x732c0000,0x74161198,0x74700000)
 PSPermGen       total 16384K, used 3383K [0x6b2c0000, 0x6c2c0000, 0x732c0000)
  object space 16384K, 20% used [0x6b2c0000,0x6b60dc10,0x6c2c0000)
GC Heap History (10 events):
Event: 1,951 GC heap after
Heap after GC invocations=2 (full 0):
 PSYoungGen      total 9216K, used 1266K [0x9dd40000, 0x9ef40000, 0xb32c0000)
  eden space 7936K, 0% used [0x9dd40000,0x9dd40000,0x9e500000)
  from space 1280K, 98% used [0x9e640000,0x9e77c9a8,0x9e780000)
  to   space 1280K, 0% used [0x9e500000,0x9e500000,0x9e640000)
 ParOldGen       total 20736K, used 2010K [0x732c0000, 0x74700000, 0x9dd40000)
  object space 20736K, 9% used [0x732c0000,0x734b6ac8,0x74700000)
 PSPermGen       total 16384K, used 3247K [0x6b2c0000, 0x6c2c0000, 0x732c0000)
  object space 16384K, 19% used [0x6b2c0000,0x6b5ebff0,0x6c2c0000)
}
Event: 2,253 GC heap before
{Heap before GC invocations=3 (full 0):
 PSYoungGen      total 9216K, used 9202K [0x9dd40000, 0x9ef40000, 0xb32c0000)
  eden space 7936K, 100% used [0x9dd40000,0x9e500000,0x9e500000)
  from space 1280K, 98% used [0x9e640000,0x9e77c9a8,0x9e780000)
  to   space 1280K, 0% used [0x9e500000,0x9e500000,0x9e640000)
 ParOldGen       total 20736K, used 2010K [0x732c0000, 0x74700000, 0x9dd40000)
  object space 20736K, 9% used [0x732c0000,0x734b6ac8,0x74700000)
 PSPermGen       total 16384K, used 3280K [0x6b2c0000, 0x6c2c0000, 0x732c0000)
  object space 16384K, 20% used [0x6b2c0000,0x6b5f42c8,0x6c2c0000)
Event: 2,279 GC heap after
Heap after GC invocations=3 (full 0):
 PSYoungGen      total 9216K, used 1274K [0x9dd40000, 0x9ef40000, 0xb32c0000)
  eden space 7936K, 0% used [0x9dd40000,0x9dd40000,0x9e500000)
  from space 1280K, 99% used [0x9e500000,0x9e63e9b8,0x9e640000)
  to   space 1280K, 0% used [0x9ee00000,0x9ee00000,0x9ef40000)
 ParOldGen       total 20736K, used 3597K [0x732c0000, 0x74700000, 0x9dd40000)
  object space 20736K, 17% used [0x732c0000,0x736434d0,0x74700000)
 PSPermGen       total 16384K, used 3280K [0x6b2c0000, 0x6c2c0000, 0x732c0000)
  object space 16384K, 20% used [0x6b2c0000,0x6b5f42c8,0x6c2c0000)
}
Event: 3,054 GC heap before
{Heap before GC invocations=4 (full 0):
 PSYoungGen      total 9216K, used 9210K [0x9dd40000, 0x9ef40000, 0xb32c0000)
  eden space 7936K, 100% used [0x9dd40000,0x9e500000,0x9e500000)
  from space 1280K, 99% used [0x9e500000,0x9e63e9b8,0x9e640000)
  to   space 1280K, 0% used [0x9ee00000,0x9ee00000,0x9ef40000)
 ParOldGen       total 20736K, used 3597K [0x732c0000, 0x74700000, 0x9dd40000)
  object space 20736K, 17% used [0x732c0000,0x736434d0,0x74700000)
 PSPermGen       total 16384K, used 3318K [0x6b2c0000, 0x6c2c0000, 0x732c0000)
  object space 16384K, 20% used [0x6b2c0000,0x6b5fda40,0x6c2c0000)
Event: 3,090 GC heap after
Heap after GC invocations=4 (full 0):
 PSYoungGen      total 17152K, used 1276K [0x9dd40000, 0x9ef40000, 0xb32c0000)
  eden space 15872K, 0% used [0x9dd40000,0x9dd40000,0x9ecc0000)
  from space 1280K, 99% used [0x9ee00000,0x9ef3f238,0x9ef40000)
  to   space 1280K, 0% used [0x9ecc0000,0x9ecc0000,0x9ee00000)
 ParOldGen       total 20736K, used 5908K [0x732c0000, 0x74700000, 0x9dd40000)
  object space 20736K, 28% used [0x732c0000,0x73885278,0x74700000)
 PSPermGen       total 16384K, used 3318K [0x6b2c0000, 0x6c2c0000, 0x732c0000)
  object space 16384K, 20% used [0x6b2c0000,0x6b5fda40,0x6c2c0000)
}
Event: 3,751 GC heap before
{Heap before GC invocations=5 (full 0):
 PSYoungGen      total 17152K, used 17148K [0x9dd40000, 0x9ef40000, 0xb32c0000)
  eden space 15872K, 100% used [0x9dd40000,0x9ecc0000,0x9ecc0000)
  from space 1280K, 99% used [0x9ee00000,0x9ef3f238,0x9ef40000)
  to   space 1280K, 0% used [0x9ecc0000,0x9ecc0000,0x9ee00000)
 ParOldGen       total 20736K, used 5908K [0x732c0000, 0x74700000, 0x9dd40000)
  object space 20736K, 28% used [0x732c0000,0x73885278,0x74700000)
 PSPermGen       total 16384K, used 3327K [0x6b2c0000, 0x6c2c0000, 0x732c0000)
  object space 16384K, 20% used [0x6b2c0000,0x6b5ffd98,0x6c2c0000)
Event: 3,832 GC heap after
Heap after GC invocations=5 (full 0):
 PSYoungGen      total 17152K, used 1276K [0x9dd40000, 0xa07c0000, 0xb32c0000)
  eden space 15872K, 0% used [0x9dd40000,0x9dd40000,0x9ecc0000)
  from space 1280K, 99% used [0x9ecc0000,0x9edff238,0x9ee00000)
  to   space 5888K, 0% used [0xa0200000,0xa0200000,0xa07c0000)
 ParOldGen       total 20736K, used 10840K [0x732c0000, 0x74700000, 0x9dd40000)
  object space 20736K, 52% used [0x732c0000,0x73d560f8,0x74700000)
 PSPermGen       total 16384K, used 3327K [0x6b2c0000, 0x6c2c0000, 0x732c0000)
  object space 16384K, 20% used [0x6b2c0000,0x6b5ffd98,0x6c2c0000)
}
Event: 4,579 GC heap before
{Heap before GC invocations=6 (full 0):
 PSYoungGen      total 17152K, used 17148K [0x9dd40000, 0xa07c0000, 0xb32c0000)
  eden space 15872K, 100% used [0x9dd40000,0x9ecc0000,0x9ecc0000)
  from space 1280K, 99% used [0x9ecc0000,0x9edff238,0x9ee00000)
  to   space 5888K, 0% used [0xa0200000,0xa0200000,0xa07c0000)
 ParOldGen       total 20736K, used 10840K [0x732c0000, 0x74700000, 0x9dd40000)
  object space 20736K, 52% used [0x732c0000,0x73d560f8,0x74700000)
 PSPermGen       total 16384K, used 3370K [0x6b2c0000, 0x6c2c0000, 0x732c0000)
  object space 16384K, 20% used [0x6b2c0000,0x6b60aa60,0x6c2c0000)
Event: 4,601 GC heap after
Heap after GC invocations=6 (full 0):
 PSYoungGen      total 37120K, used 4711K [0x9dd40000, 0xa08c0000, 0xb32c0000)
  eden space 31232K, 0% used [0x9dd40000,0x9dd40000,0x9fbc0000)
  from space 5888K, 80% used [0xa0200000,0xa0699ec8,0xa07c0000)
  to   space 6400K, 0% used [0x9fbc0000,0x9fbc0000,0xa0200000)
 ParOldGen       total 20736K, used 10840K [0x732c0000, 0x74700000, 0x9dd40000)
  object space 20736K, 52% used [0x732c0000,0x73d560f8,0x74700000)
 PSPermGen       total 16384K, used 3370K [0x6b2c0000, 0x6c2c0000, 0x732c0000)
  object space 16384K, 20% used [0x6b2c0000,0x6b60aa60,0x6c2c0000)
}
Event: 5,462 GC heap before
{Heap before GC invocations=7 (full 0):
 PSYoungGen      total 37120K, used 35943K [0x9dd40000, 0xa08c0000, 0xb32c0000)
  eden space 31232K, 100% used [0x9dd40000,0x9fbc0000,0x9fbc0000)
  from space 5888K, 80% used [0xa0200000,0xa0699ec8,0xa07c0000)
  to   space 6400K, 0% used [0x9fbc0000,0x9fbc0000,0xa0200000)
 ParOldGen       total 20736K, used 10840K [0x732c0000, 0x74700000, 0x9dd40000)
  object space 20736K, 52% used [0x732c0000,0x73d560f8,0x74700000)
 PSPermGen       total 16384K, used 3383K [0x6b2c0000, 0x6c2c0000, 0x732c0000)
  object space 16384K, 20% used [0x6b2c0000,0x6b60dc10,0x6c2c0000)

